ERROR - 2025-03-13 09:11:46 --> mysqli_sql_exception: Table 'school_management.migrations' doesn't exist in engine in C:\xampp\htdocs\school_management\vendor\codeigniter4\framework\system\Database\MySQLi\Connection.php:312
Stack trace:
#0 C:\xampp\htdocs\school_management\vendor\codeigniter4\framework\system\Database\MySQLi\Connection.php(312): mysqli->query('SELECT *\nFROM `...', 0)
#1 C:\xampp\htdocs\school_management\vendor\codeigniter4\framework\system\Database\BaseConnection.php(734): CodeIgniter\Database\MySQLi\Connection->execute('SELECT *\nFROM `...')
#2 C:\xampp\htdocs\school_management\vendor\codeigniter4\framework\system\Database\BaseConnection.php(648): CodeIgniter\Database\BaseConnection->simpleQuery('SELECT *\nFROM `...')
#3 C:\xampp\htdocs\school_management\vendor\codeigniter4\framework\system\Database\BaseBuilder.php(1644): CodeIgniter\Database\BaseConnection->query('SELECT *\nFROM `...', Array, false)
#4 C:\xampp\htdocs\school_management\vendor\codeigniter4\framework\system\Database\MigrationRunner.php(653): CodeIgniter\Database\BaseBuilder->get()
#5 C:\xampp\htdocs\school_management\vendor\codeigniter4\framework\system\Database\MigrationRunner.php(176): CodeIgniter\Database\MigrationRunner->getHistory('')
#6 C:\xampp\htdocs\school_management\vendor\codeigniter4\framework\system\Commands\Database\Migrate.php(85): CodeIgniter\Database\MigrationRunner->latest(NULL)
#7 C:\xampp\htdocs\school_management\vendor\codeigniter4\framework\system\CLI\Commands.php(70): CodeIgniter\Commands\Database\Migrate->run(Array)
#8 C:\xampp\htdocs\school_management\vendor\codeigniter4\framework\system\CLI\Console.php(48): CodeIgniter\CLI\Commands->run('migrate', Array)
#9 C:\xampp\htdocs\school_management\vendor\codeigniter4\framework\system\Boot.php(351): CodeIgniter\CLI\Console->run()
#10 C:\xampp\htdocs\school_management\vendor\codeigniter4\framework\system\Boot.php(104): CodeIgniter\Boot::runCommand(Object(CodeIgniter\CLI\Console))
#11 C:\xampp\htdocs\school_management\spark(84): CodeIgniter\Boot::bootSpark(Object(Config\Paths))
#12 {main}
ERROR - 2025-03-13 09:14:31 --> mysqli_sql_exception: Can't create table `school_management`.`students` (errno: 150 "Foreign key constraint is incorrectly formed") in C:\xampp\htdocs\school_management\vendor\codeigniter4\framework\system\Database\MySQLi\Connection.php:312
Stack trace:
#0 C:\xampp\htdocs\school_management\vendor\codeigniter4\framework\system\Database\MySQLi\Connection.php(312): mysqli->query('CREATE TABLE `s...', 0)
#1 C:\xampp\htdocs\school_management\vendor\codeigniter4\framework\system\Database\BaseConnection.php(734): CodeIgniter\Database\MySQLi\Connection->execute('CREATE TABLE `s...')
#2 C:\xampp\htdocs\school_management\vendor\codeigniter4\framework\system\Database\BaseConnection.php(648): CodeIgniter\Database\BaseConnection->simpleQuery('CREATE TABLE `s...')
#3 C:\xampp\htdocs\school_management\vendor\codeigniter4\framework\system\Database\Forge.php(570): CodeIgniter\Database\BaseConnection->query('CREATE TABLE `s...')
#4 C:\xampp\htdocs\school_management\app\Database\Migrations\2025-03-12-065023_AddStudent.php(137): CodeIgniter\Database\Forge->createTable('students')
#5 C:\xampp\htdocs\school_management\vendor\codeigniter4\framework\system\Database\MigrationRunner.php(867): App\Database\Migrations\AddStudent->up()
#6 C:\xampp\htdocs\school_management\vendor\codeigniter4\framework\system\Database\MigrationRunner.php(183): CodeIgniter\Database\MigrationRunner->migrate('up', Object(stdClass))
#7 C:\xampp\htdocs\school_management\vendor\codeigniter4\framework\system\Commands\Database\Migrate.php(85): CodeIgniter\Database\MigrationRunner->latest(NULL)
#8 C:\xampp\htdocs\school_management\vendor\codeigniter4\framework\system\CLI\Commands.php(70): CodeIgniter\Commands\Database\Migrate->run(Array)
#9 C:\xampp\htdocs\school_management\vendor\codeigniter4\framework\system\CLI\Console.php(48): CodeIgniter\CLI\Commands->run('migrate', Array)
#10 C:\xampp\htdocs\school_management\vendor\codeigniter4\framework\system\Boot.php(351): CodeIgniter\CLI\Console->run()
#11 C:\xampp\htdocs\school_management\vendor\codeigniter4\framework\system\Boot.php(104): CodeIgniter\Boot::runCommand(Object(CodeIgniter\CLI\Console))
#12 C:\xampp\htdocs\school_management\spark(84): CodeIgniter\Boot::bootSpark(Object(Config\Paths))
#13 {main}
ERROR - 2025-03-13 09:15:32 --> mysqli_sql_exception: Can't create table `school_management`.`students` (errno: 150 "Foreign key constraint is incorrectly formed") in C:\xampp\htdocs\school_management\vendor\codeigniter4\framework\system\Database\MySQLi\Connection.php:312
Stack trace:
#0 C:\xampp\htdocs\school_management\vendor\codeigniter4\framework\system\Database\MySQLi\Connection.php(312): mysqli->query('CREATE TABLE `s...', 0)
#1 C:\xampp\htdocs\school_management\vendor\codeigniter4\framework\system\Database\BaseConnection.php(734): CodeIgniter\Database\MySQLi\Connection->execute('CREATE TABLE `s...')
#2 C:\xampp\htdocs\school_management\vendor\codeigniter4\framework\system\Database\BaseConnection.php(648): CodeIgniter\Database\BaseConnection->simpleQuery('CREATE TABLE `s...')
#3 C:\xampp\htdocs\school_management\vendor\codeigniter4\framework\system\Database\Forge.php(570): CodeIgniter\Database\BaseConnection->query('CREATE TABLE `s...')
#4 C:\xampp\htdocs\school_management\app\Database\Migrations\2025-03-12-065023_AddStudent.php(137): CodeIgniter\Database\Forge->createTable('students')
#5 C:\xampp\htdocs\school_management\vendor\codeigniter4\framework\system\Database\MigrationRunner.php(867): App\Database\Migrations\AddStudent->up()
#6 C:\xampp\htdocs\school_management\vendor\codeigniter4\framework\system\Database\MigrationRunner.php(183): CodeIgniter\Database\MigrationRunner->migrate('up', Object(stdClass))
#7 C:\xampp\htdocs\school_management\vendor\codeigniter4\framework\system\Commands\Database\Migrate.php(85): CodeIgniter\Database\MigrationRunner->latest(NULL)
#8 C:\xampp\htdocs\school_management\vendor\codeigniter4\framework\system\CLI\Commands.php(70): CodeIgniter\Commands\Database\Migrate->run(Array)
#9 C:\xampp\htdocs\school_management\vendor\codeigniter4\framework\system\CLI\Console.php(48): CodeIgniter\CLI\Commands->run('migrate', Array)
#10 C:\xampp\htdocs\school_management\vendor\codeigniter4\framework\system\Boot.php(351): CodeIgniter\CLI\Console->run()
#11 C:\xampp\htdocs\school_management\vendor\codeigniter4\framework\system\Boot.php(104): CodeIgniter\Boot::runCommand(Object(CodeIgniter\CLI\Console))
#12 C:\xampp\htdocs\school_management\spark(84): CodeIgniter\Boot::bootSpark(Object(Config\Paths))
#13 {main}
ERROR - 2025-03-13 09:31:23 --> mysqli_sql_exception: Unknown table 'school_management.culturals' in C:\xampp\htdocs\school_management\vendor\codeigniter4\framework\system\Database\MySQLi\Connection.php:312
Stack trace:
#0 C:\xampp\htdocs\school_management\vendor\codeigniter4\framework\system\Database\MySQLi\Connection.php(312): mysqli->query('DROP TABLE `cul...', 0)
#1 C:\xampp\htdocs\school_management\vendor\codeigniter4\framework\system\Database\BaseConnection.php(734): CodeIgniter\Database\MySQLi\Connection->execute('DROP TABLE `cul...')
#2 C:\xampp\htdocs\school_management\vendor\codeigniter4\framework\system\Database\BaseConnection.php(648): CodeIgniter\Database\BaseConnection->simpleQuery('DROP TABLE `cul...')
#3 C:\xampp\htdocs\school_management\vendor\codeigniter4\framework\system\Database\Forge.php(663): CodeIgniter\Database\BaseConnection->query('DROP TABLE `cul...')
#4 C:\xampp\htdocs\school_management\app\Database\Migrations\2025-03-13-093035_AddCultural.php(78): CodeIgniter\Database\Forge->dropTable('culturals')
#5 C:\xampp\htdocs\school_management\vendor\codeigniter4\framework\system\Database\MigrationRunner.php(867): App\Database\Migrations\AddCultural->up()
#6 C:\xampp\htdocs\school_management\vendor\codeigniter4\framework\system\Database\MigrationRunner.php(183): CodeIgniter\Database\MigrationRunner->migrate('up', Object(stdClass))
#7 C:\xampp\htdocs\school_management\vendor\codeigniter4\framework\system\Commands\Database\Migrate.php(85): CodeIgniter\Database\MigrationRunner->latest(NULL)
#8 C:\xampp\htdocs\school_management\vendor\codeigniter4\framework\system\CLI\Commands.php(70): CodeIgniter\Commands\Database\Migrate->run(Array)
#9 C:\xampp\htdocs\school_management\vendor\codeigniter4\framework\system\CLI\Console.php(48): CodeIgniter\CLI\Commands->run('migrate', Array)
#10 C:\xampp\htdocs\school_management\vendor\codeigniter4\framework\system\Boot.php(351): CodeIgniter\CLI\Console->run()
#11 C:\xampp\htdocs\school_management\vendor\codeigniter4\framework\system\Boot.php(104): CodeIgniter\Boot::runCommand(Object(CodeIgniter\CLI\Console))
#12 C:\xampp\htdocs\school_management\spark(84): CodeIgniter\Boot::bootSpark(Object(Config\Paths))
#13 {main}
ERROR - 2025-03-13 09:33:39 --> mysqli_sql_exception: Unknown table 'school_management.culturals' in C:\xampp\htdocs\school_management\vendor\codeigniter4\framework\system\Database\MySQLi\Connection.php:312
Stack trace:
#0 C:\xampp\htdocs\school_management\vendor\codeigniter4\framework\system\Database\MySQLi\Connection.php(312): mysqli->query('DROP TABLE `cul...', 0)
#1 C:\xampp\htdocs\school_management\vendor\codeigniter4\framework\system\Database\BaseConnection.php(734): CodeIgniter\Database\MySQLi\Connection->execute('DROP TABLE `cul...')
#2 C:\xampp\htdocs\school_management\vendor\codeigniter4\framework\system\Database\BaseConnection.php(648): CodeIgniter\Database\BaseConnection->simpleQuery('DROP TABLE `cul...')
#3 C:\xampp\htdocs\school_management\vendor\codeigniter4\framework\system\Database\Forge.php(663): CodeIgniter\Database\BaseConnection->query('DROP TABLE `cul...')
#4 C:\xampp\htdocs\school_management\app\Database\Migrations\2025-03-13-093243_AddCultural.php(78): CodeIgniter\Database\Forge->dropTable('culturals')
#5 C:\xampp\htdocs\school_management\vendor\codeigniter4\framework\system\Database\MigrationRunner.php(867): App\Database\Migrations\AddCultural->up()
#6 C:\xampp\htdocs\school_management\vendor\codeigniter4\framework\system\Database\MigrationRunner.php(183): CodeIgniter\Database\MigrationRunner->migrate('up', Object(stdClass))
#7 C:\xampp\htdocs\school_management\vendor\codeigniter4\framework\system\Commands\Database\Migrate.php(85): CodeIgniter\Database\MigrationRunner->latest(NULL)
#8 C:\xampp\htdocs\school_management\vendor\codeigniter4\framework\system\CLI\Commands.php(70): CodeIgniter\Commands\Database\Migrate->run(Array)
#9 C:\xampp\htdocs\school_management\vendor\codeigniter4\framework\system\CLI\Console.php(48): CodeIgniter\CLI\Commands->run('migrate', Array)
#10 C:\xampp\htdocs\school_management\vendor\codeigniter4\framework\system\Boot.php(351): CodeIgniter\CLI\Console->run()
#11 C:\xampp\htdocs\school_management\vendor\codeigniter4\framework\system\Boot.php(104): CodeIgniter\Boot::runCommand(Object(CodeIgniter\CLI\Console))
#12 C:\xampp\htdocs\school_management\spark(84): CodeIgniter\Boot::bootSpark(Object(Config\Paths))
#13 {main}
ERROR - 2025-03-13 09:36:57 --> mysqli_sql_exception: Unknown table 'school_management.culturals' in C:\xampp\htdocs\school_management\vendor\codeigniter4\framework\system\Database\MySQLi\Connection.php:312
Stack trace:
#0 C:\xampp\htdocs\school_management\vendor\codeigniter4\framework\system\Database\MySQLi\Connection.php(312): mysqli->query('DROP TABLE `cul...', 0)
#1 C:\xampp\htdocs\school_management\vendor\codeigniter4\framework\system\Database\BaseConnection.php(734): CodeIgniter\Database\MySQLi\Connection->execute('DROP TABLE `cul...')
#2 C:\xampp\htdocs\school_management\vendor\codeigniter4\framework\system\Database\BaseConnection.php(648): CodeIgniter\Database\BaseConnection->simpleQuery('DROP TABLE `cul...')
#3 C:\xampp\htdocs\school_management\vendor\codeigniter4\framework\system\Database\Forge.php(663): CodeIgniter\Database\BaseConnection->query('DROP TABLE `cul...')
#4 C:\xampp\htdocs\school_management\app\Database\Migrations\2025-03-13-093243_AddCultural.php(78): CodeIgniter\Database\Forge->dropTable('culturals')
#5 C:\xampp\htdocs\school_management\vendor\codeigniter4\framework\system\Database\MigrationRunner.php(867): App\Database\Migrations\AddCultural->up()
#6 C:\xampp\htdocs\school_management\vendor\codeigniter4\framework\system\Database\MigrationRunner.php(183): CodeIgniter\Database\MigrationRunner->migrate('up', Object(stdClass))
#7 C:\xampp\htdocs\school_management\vendor\codeigniter4\framework\system\Commands\Database\Migrate.php(85): CodeIgniter\Database\MigrationRunner->latest(NULL)
#8 C:\xampp\htdocs\school_management\vendor\codeigniter4\framework\system\CLI\Commands.php(70): CodeIgniter\Commands\Database\Migrate->run(Array)
#9 C:\xampp\htdocs\school_management\vendor\codeigniter4\framework\system\CLI\Console.php(48): CodeIgniter\CLI\Commands->run('migrate', Array)
#10 C:\xampp\htdocs\school_management\vendor\codeigniter4\framework\system\Boot.php(351): CodeIgniter\CLI\Console->run()
#11 C:\xampp\htdocs\school_management\vendor\codeigniter4\framework\system\Boot.php(104): CodeIgniter\Boot::runCommand(Object(CodeIgniter\CLI\Console))
#12 C:\xampp\htdocs\school_management\spark(84): CodeIgniter\Boot::bootSpark(Object(Config\Paths))
#13 {main}
ERROR - 2025-03-13 09:37:53 --> mysqli_sql_exception: Unknown table 'school_management.culturals' in C:\xampp\htdocs\school_management\vendor\codeigniter4\framework\system\Database\MySQLi\Connection.php:312
Stack trace:
#0 C:\xampp\htdocs\school_management\vendor\codeigniter4\framework\system\Database\MySQLi\Connection.php(312): mysqli->query('DROP TABLE `cul...', 0)
#1 C:\xampp\htdocs\school_management\vendor\codeigniter4\framework\system\Database\BaseConnection.php(734): CodeIgniter\Database\MySQLi\Connection->execute('DROP TABLE `cul...')
#2 C:\xampp\htdocs\school_management\vendor\codeigniter4\framework\system\Database\BaseConnection.php(648): CodeIgniter\Database\BaseConnection->simpleQuery('DROP TABLE `cul...')
#3 C:\xampp\htdocs\school_management\vendor\codeigniter4\framework\system\Database\Forge.php(663): CodeIgniter\Database\BaseConnection->query('DROP TABLE `cul...')
#4 C:\xampp\htdocs\school_management\app\Database\Migrations\2025-03-13-093243_AddCultural.php(78): CodeIgniter\Database\Forge->dropTable('culturals')
#5 C:\xampp\htdocs\school_management\vendor\codeigniter4\framework\system\Database\MigrationRunner.php(867): App\Database\Migrations\AddCultural->up()
#6 C:\xampp\htdocs\school_management\vendor\codeigniter4\framework\system\Database\MigrationRunner.php(183): CodeIgniter\Database\MigrationRunner->migrate('up', Object(stdClass))
#7 C:\xampp\htdocs\school_management\vendor\codeigniter4\framework\system\Commands\Database\Migrate.php(85): CodeIgniter\Database\MigrationRunner->latest(NULL)
#8 C:\xampp\htdocs\school_management\vendor\codeigniter4\framework\system\CLI\Commands.php(70): CodeIgniter\Commands\Database\Migrate->run(Array)
#9 C:\xampp\htdocs\school_management\vendor\codeigniter4\framework\system\CLI\Console.php(48): CodeIgniter\CLI\Commands->run('migrate', Array)
#10 C:\xampp\htdocs\school_management\vendor\codeigniter4\framework\system\Boot.php(351): CodeIgniter\CLI\Console->run()
#11 C:\xampp\htdocs\school_management\vendor\codeigniter4\framework\system\Boot.php(104): CodeIgniter\Boot::runCommand(Object(CodeIgniter\CLI\Console))
#12 C:\xampp\htdocs\school_management\spark(84): CodeIgniter\Boot::bootSpark(Object(Config\Paths))
#13 {main}
ERROR - 2025-03-13 09:38:06 --> mysqli_sql_exception: Unknown table 'school_management.culturals' in C:\xampp\htdocs\school_management\vendor\codeigniter4\framework\system\Database\MySQLi\Connection.php:312
Stack trace:
#0 C:\xampp\htdocs\school_management\vendor\codeigniter4\framework\system\Database\MySQLi\Connection.php(312): mysqli->query('DROP TABLE `cul...', 0)
#1 C:\xampp\htdocs\school_management\vendor\codeigniter4\framework\system\Database\BaseConnection.php(734): CodeIgniter\Database\MySQLi\Connection->execute('DROP TABLE `cul...')
#2 C:\xampp\htdocs\school_management\vendor\codeigniter4\framework\system\Database\BaseConnection.php(648): CodeIgniter\Database\BaseConnection->simpleQuery('DROP TABLE `cul...')
#3 C:\xampp\htdocs\school_management\vendor\codeigniter4\framework\system\Database\Forge.php(663): CodeIgniter\Database\BaseConnection->query('DROP TABLE `cul...')
#4 C:\xampp\htdocs\school_management\app\Database\Migrations\2025-03-13-093243_AddCultural.php(78): CodeIgniter\Database\Forge->dropTable('culturals')
#5 C:\xampp\htdocs\school_management\vendor\codeigniter4\framework\system\Database\MigrationRunner.php(867): App\Database\Migrations\AddCultural->up()
#6 C:\xampp\htdocs\school_management\vendor\codeigniter4\framework\system\Database\MigrationRunner.php(183): CodeIgniter\Database\MigrationRunner->migrate('up', Object(stdClass))
#7 C:\xampp\htdocs\school_management\vendor\codeigniter4\framework\system\Commands\Database\Migrate.php(85): CodeIgniter\Database\MigrationRunner->latest(NULL)
#8 C:\xampp\htdocs\school_management\vendor\codeigniter4\framework\system\CLI\Commands.php(70): CodeIgniter\Commands\Database\Migrate->run(Array)
#9 C:\xampp\htdocs\school_management\vendor\codeigniter4\framework\system\CLI\Console.php(48): CodeIgniter\CLI\Commands->run('migrate', Array)
#10 C:\xampp\htdocs\school_management\vendor\codeigniter4\framework\system\Boot.php(351): CodeIgniter\CLI\Console->run()
#11 C:\xampp\htdocs\school_management\vendor\codeigniter4\framework\system\Boot.php(104): CodeIgniter\Boot::runCommand(Object(CodeIgniter\CLI\Console))
#12 C:\xampp\htdocs\school_management\spark(84): CodeIgniter\Boot::bootSpark(Object(Config\Paths))
#13 {main}
INFO - 2025-03-13 10:35:08 --> Session: Class initialized using 'CodeIgniter\Session\Handlers\FileHandler' driver.
